09:20 Введение
11:00 Упражнения
11:15 Перерыв
11:35 Скаляры
12:30 Обеденный перерыв
13:30 Упражнения
14:10 Решения
14:30 Перерыв
14:40 Массивы
15:40 Упражнения
17:00 Решения
17:30 Конец

09:30 Углубленное изучение массивов
10:30 Перерыв
10:50 Упражнения
12:30 Обеденный перерыв
13:30 Упражнения
14:10 Решения
14:30 Перерыв
14:40 Строки
16:10 Упражнения
17:10 Решения
17:30 Конец

09:20 Строки продолжение
10:50 Упражнения
11:30 Перерыв
11:35 Классы и объекты
12:30 Обеденный перерыв
13:30 Упражнения
14:20 Решения
15:00 Перерыв
15:10 Абстрактные классы
16:10 Упражнения
17:00 Решения
17:30 Конец

09:20 Коллекции
10:30 Перерыв
10:50 Упражнения
12:30 Обеденный перерыв
13:30 Упражнения
14:10 Решения
14:30 Перерыв
14:40 Итераторы
16:10 Упражнения
17:10 Решения
17:30 Конец